2021-12-17 13:28:26.048 [main] INFO  scripts.core.Dependency - hi
2021-12-17 13:36:40.812 [main] INFO  scripts.core.Dependency - hi
2021-12-17 14:00:41.840 [main] INFO  provider.BoDProvider - providing BoD
2021-12-17 14:13:31.354 [main] INFO  provider.BoDProvider - providing BoD
2021-12-17 14:25:14.059 [main] INFO  provider.BoDProvider - providing BoD
2021-12-17 14:52:02.456 [main] INFO  provider.FileInputProvider - Fetching provider from path: [/Volumes/workplace/DRP2/src/main/resources/BoD.csv]
2021-12-17 14:54:20.686 [main] INFO  provider.FileInputProvider - Fetching provider from path: [/Volumes/workplace/DRP2/src/main/resources/BoD.csv]
2021-12-17 14:54:20.702 [main] INFO  executor.DRPExecutor - []
2021-12-17 14:54:37.821 [main] INFO  provider.FileInputProvider - Fetching provider from path: [/Volumes/workplace/DRP2/src/main/resources/BoD.csv]
2021-12-17 14:55:15.188 [main] INFO  provider.FileInputProvider - Fetching provider from path: [/Volumes/workplace/DRP2/src/main/resources/BoD.csv]
2021-12-17 14:56:23.568 [main] INFO  provider.FileInputProvider - Fetching provider from path: [/Volumes/workplace/DRP2/src/main/resources/BoD.csv]
2021-12-17 14:58:13.003 [main] INFO  provider.FileInputProvider - Fetching provider from path: [/Volumes/workplace/DRP2/src/main/resources/BoD.csv]
2021-12-17 15:00:04.673 [main] INFO  provider.FileInputProvider - Fetching provider from path: [/Volumes/workplace/DRP2/src/main/resources/BoD.csv]
2021-12-17 15:00:49.385 [main] INFO  provider.FileInputProvider - Fetching provider from path: [/Volumes/workplace/DRP2/src/main/resources/BoD.csv]
2021-12-17 15:03:30.200 [main] INFO  provider.FileInputProvider - Fetching provider from path: [/Volumes/workplace/DRP2/src/main/resources/BoD.csv]
2021-12-17 15:03:30.214 [main] INFO  executor.DRPExecutor - [DistributionBill(source=Source, destination=Destination, leadTimeDays=Lead Time, freightCost=Freight Cost), DistributionBill(source=Src, destination=Dst, leadTimeDays=20, freightCost=3000), DistributionBill(source=S, destination=D, leadTimeDays=2, freightCost=3000)]
2021-12-17 15:10:53.091 [main] INFO  provider.FileInputProvider - Fetching input from path: [/Volumes/workplace/DRP2/src/main/resources/BoD.csv]
2021-12-17 15:10:53.125 [main] INFO  executor.DRPExecutor - [DistributionBill(source=Src, destination=Dst, leadTimeDays=20, freightCost=3000), DistributionBill(source=S, destination=D, leadTimeDays=2, freightCost=3000)]
2021-12-17 15:11:42.598 [main] INFO  provider.FileInputProvider - Fetching input from path: [/Volumes/workplace/DRP2/src/main/resources/BoD.csv]
2021-12-17 15:11:42.614 [main] INFO  executor.DRPExecutor - [DistributionBill(source=Src, destination=Dst, leadTimeDays=20, freightCost=3000), DistributionBill(source=S, destination=D, leadTimeDays=2, freightCost=3000)]
2021-12-17 15:11:53.659 [main] INFO  provider.FileInputProvider - Fetching input from path: [/Volumes/workplace/DRP2/src/main/resources/BoD.csv]
2021-12-17 15:11:53.688 [main] INFO  executor.DRPExecutor - [DistributionBill(source=Src, destination=Dst, leadTimeDays=20, freightCost=3000), DistributionBill(source=S, destination=D, leadTimeDays=2, freightCost=3000)]
2021-12-17 16:53:03.232 [main] INFO  provider.FileInputProvider - Fetching input from path: [/Volumes/workplace/DRP2/src/main/resources/BoD.csv]
2021-12-17 16:53:03.263 [main] INFO  executor.DRPExecutor - [BillOfDistribution(source=Src, destination=Dst, leadTimeDays=20, freightCost=3000), BillOfDistribution(source=S, destination=D, leadTimeDays=2, freightCost=3000)]
2021-12-17 16:53:03.263 [main] INFO  provider.FileInputProvider - Fetching input from path: [/Volumes/workplace/DRP2/src/main/resources/OHI.csv]
2021-12-17 16:54:48.592 [main] INFO  provider.FileInputProvider - Fetching input from path: [/Volumes/workplace/DRP2/src/main/resources/BoD.csv]
2021-12-17 16:54:48.611 [main] INFO  executor.DRPExecutor - [BillOfDistribution(source=Src, destination=Dst, leadTimeDays=20, freightCost=3000), BillOfDistribution(source=S, destination=D, leadTimeDays=2, freightCost=3000)]
2021-12-17 16:54:48.611 [main] INFO  provider.FileInputProvider - Fetching input from path: [/Volumes/workplace/DRP2/src/main/resources/OHI.csv]
2021-12-17 16:55:24.222 [main] INFO  provider.FileInputProvider - Fetching input from path: [/Volumes/workplace/DRP2/src/main/resources/BoD.csv]
2021-12-17 16:55:24.261 [main] INFO  executor.DRPExecutor - [BillOfDistribution(source=Src, destination=Dst, leadTimeDays=20, freightCost=3000), BillOfDistribution(source=S, destination=D, leadTimeDays=2, freightCost=3000)]
2021-12-17 16:55:24.261 [main] INFO  provider.FileInputProvider - Fetching input from path: [/Volumes/workplace/DRP2/src/main/resources/OHI.csv]
2021-12-17 16:59:58.485 [main] INFO  provider.FileInputProvider - Fetching input from path: [/Volumes/workplace/DRP2/src/main/resources/BoD.csv]
2021-12-17 16:59:58.504 [main] INFO  executor.DRPExecutor - [BillOfDistribution(source=Src, destination=Dst, leadTimeDays=20, freightCost=3000), BillOfDistribution(source=S, destination=D, leadTimeDays=2, freightCost=3000)]
2021-12-17 16:59:58.504 [main] INFO  provider.FileInputProvider - Fetching input from path: [/Volumes/workplace/DRP2/src/main/resources/OHI.csv]
2021-12-17 17:01:04.657 [main] INFO  provider.FileInputProvider - Fetching input from path: [/Volumes/workplace/DRP2/src/main/resources/BoD.csv]
2021-12-17 17:01:04.675 [main] INFO  executor.DRPExecutor - [BillOfDistribution(source=Src, destination=Dst, leadTimeDays=20, freightCost=3000), BillOfDistribution(source=S, destination=D, leadTimeDays=2, freightCost=3000)]
2021-12-17 17:01:04.675 [main] INFO  provider.FileInputProvider - Fetching input from path: [/Volumes/workplace/DRP2/src/main/resources/OHI.csv]
2021-12-17 17:01:04.691 [main] INFO  executor.DRPExecutor - [OnHandInventory(location=Factory1, stock=2147383647), OnHandInventory(location=Warehouse1, stock=3600), OnHandInventory(location=Deposit1, stock=4000), OnHandInventory(location=Deposit2, stock=3000)]
2021-12-17 17:58:32.679 [main] INFO  provider.FileInputProvider - Fetching input from path: [/Volumes/workplace/DRP2/src/main/resources/bill_of_distribution.csv]
2021-12-17 17:58:32.697 [main] INFO  executor.DRPExecutor - [BillOfDistribution(source=Src, destination=Dst, leadTimeDays=20, freightCost=3000), BillOfDistribution(source=S, destination=D, leadTimeDays=2, freightCost=3000)]
2021-12-17 17:58:32.697 [main] INFO  provider.FileInputProvider - Fetching input from path: [/Volumes/workplace/DRP2/src/main/resources/on_hand_inventory.csv]
2021-12-17 17:58:32.715 [main] INFO  executor.DRPExecutor - [OnHandInventory(location=Factory1, stock=2147383647), OnHandInventory(location=Warehouse1, stock=3600), OnHandInventory(location=Deposit1, stock=4000), OnHandInventory(location=Deposit2, stock=3000)]
2021-12-17 17:58:32.721 [main] INFO  executor.DRPExecutor - [Demand(location=Customer1, day=Day1, demand=3000), Demand(location=Customer1, day=Day2, demand=4000), Demand(location=Customer1, day=Day3, demand=5000), Demand(location=Customer1, day=Day1, demand=3000), Demand(location=Customer1, day=Day2, demand=4000), Demand(location=Customer1, day=Day3, demand=5000)]
2021-12-17 17:59:15.448 [main] INFO  provider.FileInputProvider - Fetching input from path: [/Volumes/workplace/DRP2/src/main/resources/bill_of_distribution.csv]
2021-12-17 17:59:15.465 [main] INFO  executor.DRPExecutor - [BillOfDistribution(source=Src, destination=Dst, leadTimeDays=20, freightCost=3000), BillOfDistribution(source=S, destination=D, leadTimeDays=2, freightCost=3000)]
2021-12-17 17:59:15.465 [main] INFO  provider.FileInputProvider - Fetching input from path: [/Volumes/workplace/DRP2/src/main/resources/on_hand_inventory.csv]
2021-12-17 17:59:15.481 [main] INFO  executor.DRPExecutor - [OnHandInventory(location=Factory1, stock=2147383647), OnHandInventory(location=Warehouse1, stock=3600), OnHandInventory(location=Deposit1, stock=4000), OnHandInventory(location=Deposit2, stock=3000)]
2021-12-17 17:59:15.487 [main] INFO  executor.DRPExecutor - [Demand(location=Customer1, day=Day1, demand=3000), Demand(location=Customer1, day=Day2, demand=4000), Demand(location=Customer1, day=Day3, demand=5000), Demand(location=Customer2, day=Day2, demand=4000), Demand(location=Customer2, day=Day3, demand=5000)]
